<?xml version="1.0" encoding="UTF-8"?>
<testng-results skipped="0" failed="0" ignored="0" total="1" passed="1">
  <reporter-output>
  </reporter-output>
  <suite name="Suite" duration-ms="70337" started-at="2019-10-17T13:25:06Z" finished-at="2019-10-17T13:26:16Z">
    <groups>
    </groups>
    <test name="Test" duration-ms="70337" started-at="2019-10-17T13:25:06Z" finished-at="2019-10-17T13:26:16Z">
      <class name="org.jazeera.testcases.JZ_TC_OW">
        <test-method status="PASS" signature="setData()[pri:0, instance:org.jazeera.testcases.JZ_TC_OW@7085bdee]" name="setData" is-config="true" duration-ms="14" started-at="2019-10-17T13:25:06Z" finished-at="2019-10-17T13:25:06Z">
          <reporter-output>
          </reporter-output>
        </test-method> <!-- setData -->
        <test-method status="PASS" signature="wakeUpBrowser(java.lang.String, java.lang.String)[pri:0, instance:org.jazeera.testcases.JZ_TC_OW@7085bdee]" name="wakeUpBrowser" is-config="true" duration-ms="26471" started-at="2019-10-17T13:25:07Z" finished-at="2019-10-17T13:25:33Z">
          <params>
            <param index="0">
              <value>
                <![CDATA[chrome]]>
              </value>
            </param>
            <param index="1">
              <value>
                <![CDATA[https://ci.jazeeraairways.com/Ugrade4.3.0.111151/Search.aspx]]>
              </value>
            </param>
          </params>
          <reporter-output>
          </reporter-output>
        </test-method> <!-- wakeUpBrowser -->
        <test-method status="PASS" signature="oneWayTC(java.lang.String, java.lang.String, java.lang.String, java.lang.String, java.lang.String, java.lang.String, java.lang.String, java.lang.String, java.lang.String, java.lang.String, java.lang.String, java.lang.String)[pri:0, instance:org.jazeera.testcases.JZ_TC_OW@7085bdee]" name="oneWayTC" duration-ms="40024" started-at="2019-10-17T13:25:33Z" data-provider="jazeeraDataBase" finished-at="2019-10-17T13:26:13Z">
          <params>
            <param index="0">
              <value>
                <![CDATA[INR]]>
              </value>
            </param>
            <param index="1">
              <value>
                <![CDATA[English]]>
              </value>
            </param>
            <param index="2">
              <value>
                <![CDATA[OneWay]]>
              </value>
            </param>
            <param index="3">
              <value>
                <![CDATA[AMD]]>
              </value>
            </param>
            <param index="4">
              <value>
                <![CDATA[KWI]]>
              </value>
            </param>
            <param index="5">
              <value>
                <![CDATA[2019]]>
              </value>
            </param>
            <param index="6">
              <value>
                <![CDATA[October]]>
              </value>
            </param>
            <param index="7">
              <value>
                <![CDATA[17]]>
              </value>
            </param>
            <param index="8">
              <value>
                <![CDATA[1]]>
              </value>
            </param>
            <param index="9">
              <value>
                <![CDATA[0]]>
              </value>
            </param>
            <param index="10">
              <value>
                <![CDATA[0]]>
              </value>
            </param>
            <param index="11">
              <value>
                <![CDATA[FlexiOFF]]>
              </value>
            </param>
          </params>
          <reporter-output>
          </reporter-output>
        </test-method> <!-- oneWayTC -->
        <test-method status="PASS" signature="killBrowser()[pri:0, instance:org.jazeera.testcases.JZ_TC_OW@7085bdee]" name="killBrowser" is-config="true" duration-ms="2780" started-at="2019-10-17T13:26:13Z" finished-at="2019-10-17T13:26:16Z">
          <reporter-output>
          </reporter-output>
        </test-method> <!-- killBrowser -->
      </class> <!-- org.jazeera.testcases.JZ_TC_OW -->
    </test> <!-- Test -->
  </suite> <!-- Suite -->
</testng-results>
